2021-10-10 17:20:45,271  INFO [main] GoogleHomePage:29 - Opening Google Search Engine
2021-10-10 17:20:45,288  INFO [main] ElementUtil:21 - Navigating to Url=https://google.com
2021-10-10 17:20:50,484  INFO [main] GoogleHomePage:34 - Enter keyword and clicking on matching result
2021-10-10 17:20:50,537  INFO [main] ElementUtil:65 - Entering Text in Field=fiserv
2021-10-10 17:20:51,899  INFO [main] ElementUtil:114 - Clicking on first element from list =Fiserv
2021-10-10 17:20:57,207  INFO [main] GoogleSearchResult:25 - Clicking On Matching search Result button
2021-10-10 17:20:57,340  INFO [main] ElementUtil:123 - Clicking on first result using JS executor =Fiserv: Financial Services Technology, Mobile Banking ...
https://www.fiserv.com
2021-10-10 17:20:57,419  INFO [main] ElementUtil:133 - Clicking on element with using java script executor
2021-10-10 17:21:10,481  INFO [main] SearchResultWebsite:24 - Accepting web page cookies On Seach button
2021-10-10 17:21:10,538  INFO [main] ElementUtil:51 - Clicking WebElement If present
2021-10-10 17:21:10,709  INFO [main] SearchResultWebsite:28 - Get Website Page Title
2021-10-10 17:21:10,721  INFO [main] ElementUtil:25 - Website Page Title=Financial Services Technology, Mobile Banking, Payments| Fiserv
2021-10-10 17:21:10,731  INFO [main] SearchResultWebsite:32 - Get Website URL
2021-10-10 17:21:10,744  INFO [main] ElementUtil:31 - Website URl=https://www.fiserv.com/
2021-10-10 17:21:10,756  INFO [main] GoogleHomePage:48 - Quit the browser
2021-10-10 17:21:19,261  INFO [main] BingHomePage:28 - Opening Bing Search Engine
2021-10-10 17:21:19,263  INFO [main] ElementUtil:21 - Navigating to Url=https://bing.com
2021-10-10 17:21:23,207  INFO [main] BingHomePage:34 - Enter keyword and clicking on matching result
2021-10-10 17:21:23,468  INFO [main] ElementUtil:65 - Entering Text in Field=fiserv
2021-10-10 17:21:23,918  INFO [main] BingHomePage:40 - Clicking On Search button
2021-10-10 17:21:25,450  INFO [main] BingSearchResult:24 - Clicking On Matching search Result button
2021-10-10 17:21:28,666  INFO [main] ElementUtil:123 - Clicking on first result using JS executor =Financial Services Technology, Mobile Banking, Payments| Fiserv
2021-10-10 17:21:28,759  INFO [main] ElementUtil:133 - Clicking on element with using java script executor
2021-10-10 17:21:42,313  INFO [main] SearchResultWebsite:24 - Accepting web page cookies On Seach button
2021-10-10 17:21:42,357  INFO [main] ElementUtil:51 - Clicking WebElement If present
2021-10-10 17:21:42,512  INFO [main] SearchResultWebsite:28 - Get Website Page Title
2021-10-10 17:21:42,545  INFO [main] ElementUtil:25 - Website Page Title=Financial Services Technology, Mobile Banking, Payments| Fiserv
2021-10-10 17:21:42,554  INFO [main] SearchResultWebsite:32 - Get Website URL
2021-10-10 17:21:42,567  INFO [main] ElementUtil:31 - Website URl=https://www.fiserv.com/
2021-10-10 17:21:42,574  INFO [main] BingHomePage:51 - Quit the browser
2021-10-10 17:22:06,412  INFO [main] GoogleHomePage:29 - Opening Google Search Engine
2021-10-10 17:22:06,413  INFO [main] ElementUtil:21 - Navigating to Url=https://google.com
2021-10-10 17:22:08,485  INFO [main] GoogleHomePage:34 - Enter keyword and clicking on matching result
2021-10-10 17:22:08,737  INFO [main] ElementUtil:65 - Entering Text in Field=fiserv
2021-10-10 17:22:09,683  INFO [main] ElementUtil:114 - Clicking on first element from list =Fiserv
2021-10-10 17:22:11,532  INFO [main] GoogleSearchResult:25 - Clicking On Matching search Result button
2021-10-10 17:22:12,406  INFO [main] ElementUtil:123 - Clicking on first result using JS executor =Fiserv: Financial Services Technology, Mobile Banking ...https://www.fiserv.com
2021-10-10 17:22:12,784  INFO [main] ElementUtil:133 - Clicking on element with using java script executor
2021-10-10 17:22:16,223  INFO [main] SearchResultWebsite:24 - Accepting web page cookies On Seach button
2021-10-10 17:22:17,926  INFO [main] ElementUtil:51 - Clicking WebElement If present
2021-10-10 17:22:20,711  INFO [main] SearchResultWebsite:28 - Get Website Page Title
2021-10-10 17:22:20,722  INFO [main] ElementUtil:25 - Website Page Title=Financial Services Technology, Mobile Banking, Payments| Fiserv
2021-10-10 17:22:20,731  INFO [main] SearchResultWebsite:32 - Get Website URL
2021-10-10 17:22:20,742  INFO [main] ElementUtil:31 - Website URl=https://www.fiserv.com/
2021-10-10 17:22:20,754  INFO [main] GoogleHomePage:48 - Quit the browser
2021-10-10 17:22:23,507  INFO [main] BingHomePage:28 - Opening Bing Search Engine
2021-10-10 17:22:23,508  INFO [main] ElementUtil:21 - Navigating to Url=https://bing.com
2021-10-10 17:22:24,497  INFO [main] BingHomePage:34 - Enter keyword and clicking on matching result
2021-10-10 17:22:24,679  INFO [main] ElementUtil:65 - Entering Text in Field=fiserv
2021-10-10 17:22:25,005  INFO [main] BingHomePage:40 - Clicking On Search button
2021-10-10 17:22:26,473  INFO [main] BingSearchResult:24 - Clicking On Matching search Result button
2021-10-10 17:22:29,574  INFO [main] ElementUtil:123 - Clicking on first result using JS executor =Financial Services Technology, Mobile Banking, Payments| Fiserv
2021-10-10 17:22:29,751  INFO [main] ElementUtil:133 - Clicking on element with using java script executor
2021-10-10 17:22:32,788  INFO [main] SearchResultWebsite:24 - Accepting web page cookies On Seach button
2021-10-10 17:22:35,452  INFO [main] ElementUtil:51 - Clicking WebElement If present
2021-10-10 17:22:37,645  INFO [main] SearchResultWebsite:28 - Get Website Page Title
2021-10-10 17:22:37,662  INFO [main] ElementUtil:25 - Website Page Title=Financial Services Technology, Mobile Banking, Payments| Fiserv
2021-10-10 17:22:37,672  INFO [main] SearchResultWebsite:32 - Get Website URL
2021-10-10 17:22:37,685  INFO [main] ElementUtil:31 - Website URl=https://www.fiserv.com/
2021-10-10 17:22:37,694  INFO [main] BingHomePage:51 - Quit the browser
2021-10-10 17:22:44,939  INFO [main] GoogleHomePage:29 - Opening Google Search Engine
2021-10-10 17:22:44,939  INFO [main] ElementUtil:21 - Navigating to Url=https://google.com
2021-10-10 17:22:47,956  INFO [main] GoogleHomePage:34 - Enter keyword and clicking on matching result
2021-10-10 17:22:48,027  INFO [main] ElementUtil:65 - Entering Text in Field=fiserv
2021-10-10 17:22:48,784  INFO [main] ElementUtil:114 - Clicking on first element from list =Fiserv
2021-10-10 17:22:50,151  INFO [main] GoogleSearchResult:25 - Clicking On Matching search Result button
2021-10-10 17:22:50,299  INFO [main] ElementUtil:123 - Clicking on first result using JS executor =Fiserv: Financial Services Technology, Mobile Banking ...
https://www.fiserv.com
2021-10-10 17:22:50,470  INFO [main] ElementUtil:133 - Clicking on element with using java script executor
2021-10-10 17:22:53,515  INFO [main] SearchResultWebsite:24 - Accepting web page cookies On Seach button
2021-10-10 17:22:55,033  INFO [main] ElementUtil:51 - Clicking WebElement If present
2021-10-10 17:22:56,045  INFO [main] SearchResultWebsite:28 - Get Website Page Title
2021-10-10 17:22:56,107  INFO [main] ElementUtil:25 - Website Page Title=Financial Services Technology, Mobile Banking, Payments| Fiserv
2021-10-10 17:22:56,158  INFO [main] SearchResultWebsite:32 - Get Website URL
2021-10-10 17:22:56,460  INFO [main] ElementUtil:31 - Website URl=https://www.fiserv.com/
2021-10-10 17:22:56,471  INFO [main] GoogleHomePage:48 - Quit the browser
